c:\users\werz\desktop\comp3980\assignment2\datacommass2\ass2\x64\debug\vc141.pdb
c:\users\werz\desktop\comp3980\assignment2\datacommass2\ass2\x64\debug\vc141.idb
c:\users\werz\desktop\comp3980\assignment2\datacommass2\ass2\x64\debug\main.obj
c:\users\werz\desktop\comp3980\assignment2\datacommass2\ass2\x64\debug\skyetekapi.obj
c:\users\werz\desktop\comp3980\assignment2\datacommass2\ass2\x64\debug\stdafx.obj
c:\users\werz\desktop\comp3980\assignment2\datacommass2\ass2\x64\debug\menuresource.res
c:\users\werz\desktop\comp3980\assignment2\datacommass2\x64\debug\ass2.pdb
c:\users\werz\desktop\comp3980\assignment2\datacommass2\ass2\x64\debug\ass2.tlog\cl.command.1.tlog
c:\users\werz\desktop\comp3980\assignment2\datacommass2\ass2\x64\debug\ass2.tlog\cl.read.1.tlog
c:\users\werz\desktop\comp3980\assignment2\datacommass2\ass2\x64\debug\ass2.tlog\cl.write.1.tlog
c:\users\werz\desktop\comp3980\assignment2\datacommass2\ass2\x64\debug\ass2.tlog\link-cvtres.read.1.tlog
c:\users\werz\desktop\comp3980\assignment2\datacommass2\ass2\x64\debug\ass2.tlog\link-cvtres.write.1.tlog
c:\users\werz\desktop\comp3980\assignment2\datacommass2\ass2\x64\debug\ass2.tlog\link-rc.read.1.tlog
c:\users\werz\desktop\comp3980\assignment2\datacommass2\ass2\x64\debug\ass2.tlog\link-rc.write.1.tlog
c:\users\werz\desktop\comp3980\assignment2\datacommass2\ass2\x64\debug\ass2.tlog\link.7776-cvtres.read.1.tlog
c:\users\werz\desktop\comp3980\assignment2\datacommass2\ass2\x64\debug\ass2.tlog\link.7776-cvtres.write.1.tlog
c:\users\werz\desktop\comp3980\assignment2\datacommass2\ass2\x64\debug\ass2.tlog\link.7776-rc.read.1.tlog
c:\users\werz\desktop\comp3980\assignment2\datacommass2\ass2\x64\debug\ass2.tlog\link.7776-rc.write.1.tlog
c:\users\werz\desktop\comp3980\assignment2\datacommass2\ass2\x64\debug\ass2.tlog\link.7776.read.1.tlog
c:\users\werz\desktop\comp3980\assignment2\datacommass2\ass2\x64\debug\ass2.tlog\link.7776.write.1.tlog
c:\users\werz\desktop\comp3980\assignment2\datacommass2\ass2\x64\debug\ass2.tlog\link.command.1.tlog
c:\users\werz\desktop\comp3980\assignment2\datacommass2\ass2\x64\debug\ass2.tlog\link.read.1.tlog
c:\users\werz\desktop\comp3980\assignment2\datacommass2\ass2\x64\debug\ass2.tlog\link.write.1.tlog
c:\users\werz\desktop\comp3980\assignment2\datacommass2\ass2\x64\debug\ass2.tlog\rc.command.1.tlog
c:\users\werz\desktop\comp3980\assignment2\datacommass2\ass2\x64\debug\ass2.tlog\rc.read.1.tlog
c:\users\werz\desktop\comp3980\assignment2\datacommass2\ass2\x64\debug\ass2.tlog\rc.write.1.tlog
